This is pdfTeX, Version 3.141592653-2.6-1.40.24 (MiKTeX 22.8.28) (preloaded format=pdflatex 2022.9.6)  6 SEP 2022 17:47
entering extended mode
 restricted \write18 enabled.
 %&-line parsing enabled.
**"./2.feladat (Betűstílusok).tex"
(2.feladat (Betűstílusok).tex
LaTeX2e <2022-06-01> patch level 5
L3 programming layer <2022-08-23>
(C:\Users\drig6\AppData\Local\Programs\MiKTeX\tex/latex/base\article.cls
Document Class: article 2021/10/04 v1.4n Standard LaTeX document class
(C:\Users\drig6\AppData\Local\Programs\MiKTeX\tex/latex/base\size10.clo
File: size10.clo 2021/10/04 v1.4n Standard LaTeX file (size option)
)
\c@part=\count185
\c@section=\count186
\c@subsection=\count187
\c@subsubsection=\count188
\c@paragraph=\count189
\c@subparagraph=\count190
\c@figure=\count191
\c@table=\count192
\abovecaptionskip=\skip47
\belowcaptionskip=\skip48
\bibindent=\dimen138
)
(C:\Users\drig6\AppData\Local\Programs\MiKTeX\tex/latex/l3backend\l3backend-pdf
tex.def
File: l3backend-pdftex.def 2022-08-23 L3 backend support: PDF output (pdfTeX)
\l__color_backend_stack_int=\count193
\l__pdf_internal_box=\box51
) (2.feladat (Betűstílusok).aux)
\openout1 = `"2.feladat (Betűstílusok).aux"'.

LaTeX Font Info:    Checking defaults for OML/cmm/m/it on input line 5.
LaTeX Font Info:    ... okay on input line 5.
LaTeX Font Info:    Checking defaults for OMS/cmsy/m/n on input line 5.
LaTeX Font Info:    ... okay on input line 5.
LaTeX Font Info:    Checking defaults for OT1/cmr/m/n on input line 5.
LaTeX Font Info:    ... okay on input line 5.
LaTeX Font Info:    Checking defaults for T1/cmr/m/n on input line 5.
LaTeX Font Info:    ... okay on input line 5.
LaTeX Font Info:    Checking defaults for TS1/cmr/m/n on input line 5.
LaTeX Font Info:    ... okay on input line 5.
LaTeX Font Info:    Checking defaults for OMX/cmex/m/n on input line 5.
LaTeX Font Info:    ... okay on input line 5.
LaTeX Font Info:    Checking defaults for U/cmr/m/n on input line 5.
LaTeX Font Info:    ... okay on input line 5.

Underfull \hbox (badness 10000) in paragraph at lines 7--13

 []


LaTeX Font Warning: Font shape `OT1/cmr/m/scit' undefined
(Font)              using `OT1/cmr/m/sc' instead on input line 17.


Underfull \hbox (badness 10000) in paragraph at lines 15--18

 []

[1

{C:/Users/drig6/AppData/Local/MiKTeX/fonts/map/pdftex/pdftex.map}]
(2.feladat (Betűstílusok).aux) ) 
Here is how much of TeX's memory you used:
 443 strings out of 477843
 8835 string characters out of 2823600
 309048 words of memory out of 3000000
 19444 multiletter control sequences out of 15000+600000
 471399 words of font info for 35 fonts, out of 8000000 for 9000
 1141 hyphenation exceptions out of 8191
 34i,5n,38p,151b,107s stack positions out of 10000i,1000n,20000p,200000b,80000s
<C:/Users/drig6/AppData/Local/Programs/MiKTeX
/fonts/type1/public/amsfonts/cm/cmbx10.pfb><C:/Users/drig6/AppData/Local/Progra
ms/MiKTeX/fonts/type1/public/amsfonts/cm/cmbxti10.pfb><C:/Users/drig6/AppData/L
ocal/Programs/MiKTeX/fonts/type1/public/amsfonts/cm/cmcsc10.pfb><C:/Users/drig6
/AppData/Local/Programs/MiKTeX/fonts/type1/public/amsfonts/cm/cmr10.pfb><C:/Use
rs/drig6/AppData/Local/Programs/MiKTeX/fonts/type1/public/amsfonts/cm/cmsl10.pf
b><C:/Users/drig6/AppData/Local/Programs/MiKTeX/fonts/type1/public/amsfonts/cm/
cmss10.pfb><C:/Users/drig6/AppData/Local/Programs/MiKTeX/fonts/type1/public/ams
fonts/cm/cmti10.pfb><C:/Users/drig6/AppData/Local/Programs/MiKTeX/fonts/type1/p
ublic/amsfonts/cm/cmtt10.pfb>
Output written on "2.feladat (Betűstílusok).pdf" (1 page, 81793 bytes).
PDF statistics:
 46 PDF objects out of 1000 (max. 8388607)
 0 named destinations out of 1000 (max. 500000)
 1 words of extra memory for PDF output out of 10000 (max. 10000000)

